[    0.000000] Initializing cgroup subsys cpuset
[    0.000000] Initializing cgroup subsys cpu
[    0.000000] Initializing cgroup subsys cpuacct
[    0.000000] Linux version 4.4.0-119-generic (buildd@lcy01-amd64-013) (gcc version 5.4.0 20160609 (Ubuntu 5.4.0-6ubuntu1~16.04.9) ) #143-Ubuntu SMP Mon Apr 2 16:08:24 UTC 2018 (Ubuntu 4.4.0-119.143-generic 4.4.114)
[    0.000000] Command line: BOOT_IMAGE=/boot/vmlinuz-4.4.0-119-generic root=LABEL=cloudimg-rootfs ro console=tty1 console=ttyS0
[    0.000000] KERNEL supported cpus:
[    0.000000]   Intel GenuineIntel
[    0.000000]   AMD AuthenticAMD
[    0.000000]   Centaur CentaurHauls
[    0.000000] x86/fpu: xstate_offset[2]:  576, xstate_sizes[2]:  256
[    0.000000] x86/fpu: Supporting XSAVE feature 0x01: 'x87 floating point registers'
[    0.000000] x86/fpu: Supporting XSAVE feature 0x02: 'SSE registers'
[    0.000000] x86/fpu: Supporting XSAVE feature 0x04: 'AVX registers'
[    0.000000] x86/fpu: Enabled xstate features 0x7, context size is 832 bytes, using 'standard' format.
[    0.000000] x86/fpu: Using 'lazy' FPU context switches.
[    0.000000] e820: BIOS-provided physical RAM map:
[    0.000000] BIOS-e820: [mem 0x0000000000000000-0x000000000009fbff] usable
[    0.000000] BIOS-e820: [mem 0x000000000009fc00-0x000000000009ffff] reserved
[    0.000000] BIOS-e820: [mem 0x00000000000f0000-0x00000000000fffff] reserved
[    0.000000] BIOS-e820: [mem 0x0000000000100000-0x000000003ffeffff] usable
[    0.000000] BIOS-e820: [mem 0x000000003fff0000-0x000000003fffffff] ACPI data
[    0.000000] BIOS-e820: [mem 0x00000000fec00000-0x00000000fec00fff] reserved
[    0.000000] BIOS-e820: [mem 0x00000000fee00000-0x00000000fee00fff] reserved
[    0.000000] BIOS-e820: [mem 0x00000000fffc0000-0x00000000ffffffff] reserved
[    0.000000] NX (Execute Disable) protection: active
[    0.000000] SMBIOS 2.5 present.
[    0.000000] Hypervisor detected: KVM
[    0.000000] e820: last_pfn = 0x3fff0 max_arch_pfn = 0x400000000
[    0.000000] MTRR: Disabled
[    0.000000] x86/PAT: MTRRs disabled, skipping PAT initialization too.
[    0.000000] CPU MTRRs all blank - virtualized system.
[    0.000000] x86/PAT: Configuration [0-7]: WB  WT  UC- UC  WB  WT  UC- UC  
[    0.000000] found SMP MP-table at [mem 0x0009fff0-0x0009ffff] mapped at [ffff88000009fff0]
[    0.000000] Scanning 1 areas for low memory corruption
[    0.000000] RAMDISK: [mem 0x36ae4000-0x37569fff]
[    0.000000] ACPI: Early table checksum verification disabled
[    0.000000] ACPI: RSDP 0x00000000000E0000 000024 (v02 VBOX  )
[    0.000000] ACPI: XSDT 0x000000003FFF0030 00003C (v01 VBOX   VBOXXSDT 00000001 ASL  00000061)
[    0.000000] ACPI: FACP 0x000000003FFF00F0 0000F4 (v04 VBOX   VBOXFACP 00000001 ASL  00000061)
[    0.000000] ACPI: DSDT 0x000000003FFF0470 002325 (v02 VBOX   VBOXBIOS 00000002 INTL 20191018)
[    0.000000] ACPI: FACS 0x000000003FFF0200 000040
[    0.000000] ACPI: FACS 0x000000003FFF0200 000040
[    0.000000] ACPI: APIC 0x000000003FFF0240 00005C (v02 VBOX   VBOXAPIC 00000001 ASL  00000061)
[    0.000000] ACPI: SSDT 0x000000003FFF02A0 0001CC (v01 VBOX   VBOXCPUT 00000002 INTL 20191018)
[    0.000000] No NUMA configuration found
[    0.000000] Faking a node at [mem 0x0000000000000000-0x000000003ffeffff]
[    0.000000] NODE_DATA(0) allocated [mem 0x3ffeb000-0x3ffeffff]
[    0.000000] kvm-clock: Using msrs 4b564d01 and 4b564d00
[    0.000000] kvm-clock: cpu 0, msr 0:3ffe3001, primary cpu clock
[    0.000000] kvm-clock: using sched offset of 5795083643 cycles
[    0.000000] clocksource: kvm-clock: mask: 0xffffffffffffffff max_cycles: 0x1cd42e4dffb, max_idle_ns: 881590591483 ns
[    0.000000] Zone ranges:
[    0.000000]   DMA      [mem 0x0000000000001000-0x0000000000ffffff]
[    0.000000]   DMA32    [mem 0x0000000001000000-0x000000003ffeffff]
[    0.000000]   Normal   empty
[    0.000000]   Device   empty
[    0.000000] Movable zone start for each node
[    0.000000] Early memory node ranges
[    0.000000]   node   0: [mem 0x0000000000001000-0x000000000009efff]
[    0.000000]   node   0: [mem 0x0000000000100000-0x000000003ffeffff]
[    0.000000] Initmem setup node 0 [mem 0x0000000000001000-0x000000003ffeffff]
[    0.000000] ACPI: PM-Timer IO Port: 0x4008
[    0.000000] IOAPIC[0]: apic_id 2, version 32, address 0xfec00000, GSI 0-23
[    0.000000] ACPI: INT_SRC_OVR (bus 0 bus_irq 0 global_irq 2 dfl dfl)
[    0.000000] ACPI: INT_SRC_OVR (bus 0 bus_irq 9 global_irq 9 low level)
[    0.000000] Using ACPI (MADT) for SMP configuration information
[    0.000000] smpboot: Allowing 2 CPUs, 0 hotplug CPUs
[    0.000000] PM: Registered nosave memory: [mem 0x00000000-0x00000fff]
[    0.000000] PM: Registered nosave memory: [mem 0x0009f000-0x0009ffff]
[    0.000000] PM: Registered nosave memory: [mem 0x000a0000-0x000effff]
[    0.000000] PM: Registered nosave memory: [mem 0x000f0000-0x000fffff]
[    0.000000] e820: [mem 0x40000000-0xfebfffff] available for PCI devices
[    0.000000] Booting paravirtualized kernel on KVM
[    0.000000] clocksource: refined-jiffies: mask: 0xffffffff max_cycles: 0xffffffff, max_idle_ns: 7645519600211568 ns
[    0.000000] setup_percpu: NR_CPUS:512 nr_cpumask_bits:512 nr_cpu_ids:2 nr_node_ids:1
[    0.000000] PERCPU: Embedded 34 pages/cpu @ffff88003fc00000 s99544 r8192 d31528 u1048576
[    0.000000] PV qspinlock hash table entries: 256 (order: 0, 4096 bytes)
[    0.000000] Built 1 zonelists in Node order, mobility grouping on.  Total pages: 257912
[    0.000000] Policy zone: DMA32
[    0.000000] Kernel command line: BOOT_IMAGE=/boot/vmlinuz-4.4.0-119-generic root=LABEL=cloudimg-rootfs ro console=tty1 console=ttyS0
[    0.000000] PID hash table entries: 4096 (order: 3, 32768 bytes)
[    0.000000] Memory: 1001748K/1048120K available (8532K kernel code, 1313K rwdata, 3996K rodata, 1508K init, 1316K bss, 46372K reserved, 0K cma-reserved)
[    0.000000] SLUB: HWalign=64, Order=0-3, MinObjects=0, CPUs=2, Nodes=1
[    0.000000] Kernel/User page tables isolation: enabled
[    0.000000] Hierarchical RCU implementation.
[    0.000000] 	Build-time adjustment of leaf fanout to 64.
[    0.000000] 	RCU restricting CPUs from NR_CPUS=512 to nr_cpu_ids=2.
[    0.000000] RCU: Adjusting geometry for rcu_fanout_leaf=64, nr_cpu_ids=2
[    0.000000] NR_IRQS:33024 nr_irqs:440 16
[    0.000000] Console: colour VGA+ 80x25
[    0.000000] console [tty1] enabled
[    0.000000] console [ttyS0] enabled
[    0.000000] tsc: Detected 1696.071 MHz processor
[    0.196365] Calibrating delay loop (skipped) preset value.. 3392.14 BogoMIPS (lpj=6784284)
[    0.203481] pid_max: default: 32768 minimum: 301
[    0.206485] ACPI: Core revision 20150930
[    0.210070] ACPI: 2 ACPI AML tables successfully acquired and loaded
[    0.212278] Security Framework initialized
[    0.213702] Yama: becoming mindful.
[    0.221342] AppArmor: AppArmor initialized
[    0.222592] Dentry cache hash table entries: 131072 (order: 8, 1048576 bytes)
[    0.226082] Inode-cache hash table entries: 65536 (order: 7, 524288 bytes)
[    0.239850] Mount-cache hash table entries: 2048 (order: 2, 16384 bytes)
[    0.245563] Mountpoint-cache hash table entries: 2048 (order: 2, 16384 bytes)
[    0.249712] Initializing cgroup subsys io
[    0.252123] Initializing cgroup subsys memory
[    0.253434] Initializing cgroup subsys devices
[    0.254842] Initializing cgroup subsys freezer
[    0.258178] Initializing cgroup subsys net_cls
[    0.260134] Initializing cgroup subsys perf_event
[    0.262267] Initializing cgroup subsys net_prio
[    0.263940] Initializing cgroup subsys hugetlb
[    0.265220] Initializing cgroup subsys pids
[    0.267098] CPU: Physical Processor ID: 0
[    0.268822] CPU: Processor Core ID: 0
[    0.271026] FEATURE SPEC_CTRL Not Present
[    0.275402] mce: CPU supports 0 MCE banks
[    0.276698] Last level iTLB entries: 4KB 1024, 2MB 1024, 4MB 1024
[    0.278226] Last level dTLB entries: 4KB 1024, 2MB 1024, 4MB 1024, 1GB 4
[    0.283881] Spectre V2 mitigation: Mitigation: Full generic retpoline
[    0.286122] Spectre V2 mitigation: Speculation control IBPB not-supported IBRS not-supported
[    0.292227] Freeing SMP alternatives memory: 32K
[    0.310218] ftrace: allocating 32195 entries in 126 pages
[    0.394912] smpboot: APIC(0) Converting physical 0 to logical package 0
[    0.396332] smpboot: Max logical packages: 1
[    0.397562] x2apic enabled
[    0.398637] Switched APIC routing to physical x2apic.
[    0.401264] ..TIMER: vector=0x30 apic1=0 pin1=2 apic2=-1 pin2=-1
[    0.511243] smpboot: CPU0: Intel(R) Core(TM) i5-4210U CPU @ 1.70GHz (family: 0x6, model: 0x45, stepping: 0x1)
[    0.514820] Performance Events: unsupported p6 CPU model 69 no PMU driver, software events only.
[    0.517627] KVM setup paravirtual spinlock
[    0.519758] x86: Booting SMP configuration:
[    0.520897] .... node  #0, CPUs:      #1
[    0.522646] kvm-clock: cpu 1, msr 0:3ffe3041, secondary cpu clock
[    0.538456] mce: CPU supports 0 MCE banks
[    0.542994] x86: Booted up 1 node, 2 CPUs
[    0.544438] smpboot: Total of 2 processors activated (6784.28 BogoMIPS)
[    0.552157] devtmpfs: initialized
[    0.555577] evm: security.selinux
[    0.556602] evm: security.SMACK64
[    0.557547] evm: security.SMACK64EXEC
[    0.558577] evm: security.SMACK64TRANSMUTE
[    0.559815] evm: security.SMACK64MMAP
[    0.560855] evm: security.ima
[    0.561915] evm: security.capability
[    0.563237] clocksource: jiffies: mask: 0xffffffff max_cycles: 0xffffffff, max_idle_ns: 7645041785100000 ns
[    0.566102] futex hash table entries: 512 (order: 3, 32768 bytes)
[    0.568023] pinctrl core: initialized pinctrl subsystem
[    0.569524] RTC time:  8:25:59, date: 01/15/20
[    0.571070] NET: Registered protocol family 16
[    0.582840] cpuidle: using governor ladder
[    0.598913] cpuidle: using governor menu
[    0.600505] PCCT header not found.
[    0.601678] ACPI: bus type PCI registered
[    0.602818] acpiphp: ACPI Hot Plug PCI Controller Driver version: 0.5
[    0.604496] PCI: Using configuration type 1 for base access
[    0.619572] ACPI: Added _OSI(Module Device)
[    0.620788] ACPI: Added _OSI(Processor Device)
[    0.622140] ACPI: Added _OSI(3.0 _SCP Extensions)
[    0.623623] ACPI: Added _OSI(Processor Aggregator Device)
[    0.626417] ACPI: Executed 1 blocks of module-level executable AML code
[    0.632102] ACPI: Interpreter enabled
[    0.633270] ACPI: (supports S0 S5)
[    0.634515] ACPI: Using IOAPIC for interrupt routing
[    0.636578] PCI: Using host bridge windows from ACPI; if necessary, use "pci=nocrs" and report a bug
[    0.645293] ACPI: PCI Root Bridge [PCI0] (domain 0000 [bus 00-ff])
[    0.647066] acpi PNP0A03:00: _OSC: OS supports [ASPM ClockPM Segments MSI]
[    0.649578] acpi PNP0A03:00: _OSC: not requesting OS control; OS requires [ExtendedConfig ASPM ClockPM MSI]
[    0.652572] acpi PNP0A03:00: fail to add MMCONFIG information, can't access extended PCI configuration space under this bridge.
[    0.656290] PCI host bridge to bus 0000:00
[    0.657627] pci_bus 0000:00: root bus resource [io  0x0000-0x0cf7 window]
[    0.659545] pci_bus 0000:00: root bus resource [io  0x0d00-0xffff window]
[    0.661468] pci_bus 0000:00: root bus resource [mem 0x000a0000-0x000bffff window]
[    0.663288] pci_bus 0000:00: root bus resource [mem 0x40000000-0xfdffffff window]
[    0.665114] pci_bus 0000:00: root bus resource [bus 00-ff]
[    0.668239] pci 0000:00:01.1: legacy IDE quirk: reg 0x10: [io  0x01f0-0x01f7]
[    0.669667] pci 0000:00:01.1: legacy IDE quirk: reg 0x14: [io  0x03f6]
[    0.671007] pci 0000:00:01.1: legacy IDE quirk: reg 0x18: [io  0x0170-0x0177]
[    0.683897] pci 0000:00:01.1: legacy IDE quirk: reg 0x1c: [io  0x0376]
[    0.710747] pci 0000:00:07.0: quirk: [io  0x4000-0x403f] claimed by PIIX4 ACPI
[    0.712660] pci 0000:00:07.0: quirk: [io  0x4100-0x410f] claimed by PIIX4 SMB
[    0.731791] ACPI: PCI Interrupt Link [LNKA] (IRQs 5 9 10 *11)
[    0.734466] ACPI: PCI Interrupt Link [LNKB] (IRQs 5 9 *10 11)
[    0.736977] ACPI: PCI Interrupt Link [LNKC] (IRQs 5 *9 10 11)
[    0.740101] ACPI: PCI Interrupt Link [LNKD] (IRQs 5 9 10 *11)
[    0.743184] ACPI: Enabled 2 GPEs in block 00 to 07
[    0.744829] vgaarb: setting as boot device: PCI:0000:00:02.0
[    0.746062] vgaarb: device added: PCI:0000:00:02.0,decodes=io+mem,owns=io+mem,locks=none
[    0.748440] vgaarb: loaded
[    0.750298] vgaarb: bridge control possible 0000:00:02.0
[    0.752210] SCSI subsystem initialized
[    0.753303] ACPI: bus type USB registered
[    0.754292] usbcore: registered new interface driver usbfs
[    0.755736] usbcore: registered new interface driver hub
[    0.756920] usbcore: registered new device driver usb
[    0.759177] PCI: Using ACPI for IRQ routing
[    0.762451] NetLabel: Initializing
[    0.763477] NetLabel:  domain hash size = 128
[    0.764695] NetLabel:  protocols = UNLABELED CIPSOv4
[    0.766011] NetLabel:  unlabeled traffic allowed by default
[    0.767667] amd_nb: Cannot enumerate AMD northbridges
[    0.768983] clocksource: Switched to clocksource kvm-clock
[    0.779260] AppArmor: AppArmor Filesystem Enabled
[    0.780465] pnp: PnP ACPI init
[    0.782270] pnp: PnP ACPI: found 3 devices
[    0.793924] clocksource: acpi_pm: mask: 0xffffff max_cycles: 0xffffff, max_idle_ns: 2085701024 ns
[    0.796758] NET: Registered protocol family 2
[    0.798485] TCP established hash table entries: 8192 (order: 4, 65536 bytes)
[    0.800515] TCP bind hash table entries: 8192 (order: 5, 131072 bytes)
[    0.802437] TCP: Hash tables configured (established 8192 bind 8192)
[    0.805262] UDP hash table entries: 512 (order: 2, 16384 bytes)
[    0.808147] UDP-Lite hash table entries: 512 (order: 2, 16384 bytes)
[    0.810085] NET: Registered protocol family 1
[    0.811547] pci 0000:00:00.0: Limiting direct PCI/PCI transfers
[    0.813325] pci 0000:00:01.0: Activating ISA DMA hang workarounds
[    0.815316] Unpacking initramfs...
[    3.204504] Freeing initrd memory: 10776K
[    3.206032] RAPL PMU detected, API unit is 2^-32 Joules, 4 fixed counters 10737418240 ms ovfl timer
[    3.210793] hw unit of domain pp0-core 2^-0 Joules
[    3.212443] hw unit of domain package 2^-0 Joules
[    3.213782] hw unit of domain dram 2^-0 Joules
[    3.215022] hw unit of domain pp1-gpu 2^-0 Joules
[    3.217690] platform rtc_cmos: registered platform RTC device (no PNP device found)
[    3.220004] Scanning for low memory corruption every 60 seconds
[    3.222215] audit: initializing netlink subsys (disabled)
[    3.224145] audit: type=2000 audit(1579076769.161:1): initialized
[    3.226850] Initialise system trusted keyring
[    3.229941] HugeTLB registered 2 MB page size, pre-allocated 0 pages
[    3.233278] zbud: loaded
[    3.234757] VFS: Disk quotas dquot_6.6.0
[    3.235890] VFS: Dquot-cache hash table entries: 512 (order 0, 4096 bytes)
[    3.237982] squashfs: version 4.0 (2009/01/31) Phillip Lougher
[    3.239793] fuse init (API version 7.23)
[    3.243803] Key type big_key registered
[    3.245284] Allocating IMA MOK and blacklist keyrings.
[    3.248359] Key type asymmetric registered
[    3.249357] Asymmetric key parser 'x509' registered
[    3.250774] Block layer SCSI generic (bsg) driver version 0.4 loaded (major 249)
[    3.252883] io scheduler noop registered
[    3.253895] io scheduler deadline registered (default)
[    3.256084] io scheduler cfq registered
[    3.259241] pci_hotplug: PCI Hot Plug PCI Core version: 0.5
[    3.261801] pciehp: PCI Express Hot Plug Controller Driver version: 0.4
[    3.264251] ACPI: AC Adapter [AC] (on-line)
[    3.265537] input: Power Button as /devices/LNXSYSTM:00/LNXPWRBN:00/input/input0
[    3.267604] ACPI: Power Button [PWRF]
[    3.268741] input: Sleep Button as /devices/LNXSYSTM:00/LNXSLPBN:00/input/input1
[    3.270565] ACPI: Sleep Button [SLPF]
[    3.272447] ACPI: Battery Slot [BAT0] (battery present)
[    3.274276] GHES: HEST is not enabled!
[    3.275838] Serial: 8250/16550 driver, 32 ports, IRQ sharing enabled
[    3.300072] 00:02: ttyS0 at I/O 0x3f8 (irq = 4, base_bad = 115200) is a 16550A
[    3.304756] Linux agpgart interface v0.103
[    3.311893] loop: module loaded
[    3.313903] scsi host0: ata_piix
[    3.315095] scsi host1: ata_piix
[    3.316327] ata1: PATA max UDMA/33 cmd 0x1f0 ctl 0x3f6 bmdma 0xd000 irq 14
[    3.318342] ata2: PATA max UDMA/33 cmd 0x170 ctl 0x376 bmdma 0xd008 irq 15
[    3.320015] libphy: Fixed MDIO Bus: probed
[    3.321049] tun: Universal TUN/TAP device driver, 1.6
[    3.322437] tun: (C) 1999-2004 Max Krasnyansky <maxk@qualcomm.com>
[    3.325110] PPP generic driver version 2.4.2
[    3.326775] ehci_hcd: USB 2.0 'Enhanced' Host Controller (EHCI) Driver
[    3.328457] ehci-pci: EHCI PCI platform driver
[    3.329705] ehci-platform: EHCI generic platform driver
[    3.330844] ohci_hcd: USB 1.1 'Open' Host Controller (OHCI) Driver
[    3.332187] ohci-pci: OHCI PCI platform driver
[    3.333910] ohci-platform: OHCI generic platform driver
[    3.335366] uhci_hcd: USB Universal Host Controller Interface driver
[    3.336852] i8042: PNP: PS/2 Controller [PNP0303:PS2K,PNP0f03:PS2M] at 0x60,0x64 irq 1,12
[    3.339401] serio: i8042 KBD port at 0x60,0x64 irq 1
[    3.343471] serio: i8042 AUX port at 0x60,0x64 irq 12
[    3.346422] mousedev: PS/2 mouse device common for all mice
[    3.355340] rtc_cmos rtc_cmos: rtc core: registered rtc_cmos as rtc0
[    3.357413] rtc_cmos rtc_cmos: alarms up to one day, 114 bytes nvram
[    3.361833] i2c /dev entries driver
[    3.363097] input: AT Translated Set 2 keyboard as /devices/platform/i8042/serio0/input/input2
[    3.365742] device-mapper: uevent: version 1.0.3
[    3.367119] device-mapper: ioctl: 4.34.0-ioctl (2015-10-28) initialised: dm-devel@redhat.com
[    3.369526] ledtrig-cpu: registered to indicate activity on CPUs
[    3.371644] NET: Registered protocol family 10
[    3.373424] NET: Registered protocol family 17
[    3.376531] Key type dns_resolver registered
[    3.382669] registered taskstats version 1
[    3.383820] Loading compiled-in X.509 certificates
[    3.386047] Loaded X.509 cert 'Build time autogenerated kernel key: f854e06633b5f496ced5b2e02c7b14f761b69302'
[    3.388728] zswap: loaded using pool lzo/zbud
[    3.396353] Key type trusted registered
[    3.405085] Key type encrypted registered
[    3.406369] AppArmor: AppArmor sha1 policy hashing enabled
[    3.412974] ima: No TPM chip found, activating TPM-bypass!
[    3.414962] evm: HMAC attrs: 0x1
[    3.416477]   Magic number: 4:317:422
[    3.417909] rtc_cmos rtc_cmos: setting system clock to 2020-01-15 08:26:02 UTC (1579076762)
[    3.420593] BIOS EDD facility v0.16 2004-Jun-25, 0 devices found
[    3.422078] EDD information not available.
[    3.505536] Freeing unused kernel memory: 1508K
[    3.508040] Write protecting the kernel read-only data: 14336k
[    3.510576] Freeing unused kernel memory: 1696K
[    3.512963] Freeing unused kernel memory: 100K
Loading, please wait...
starting version 229
[    3.535089] random: udevadm: uninitialized urandom read (16 bytes read, 2 bits of entropy available)
[    3.535330] random: systemd-udevd: uninitialized urandom read (16 bytes read, 2 bits of entropy available)
[    3.535545] random: systemd-udevd: uninitialized urandom read (16 bytes read, 2 bits of entropy available)
[    3.535564] random: systemd-udevd: uninitialized urandom read (16 bytes read, 2 bits of entropy available)
[    3.535589] random: systemd-udevd: uninitialized urandom read (16 bytes read, 2 bits of entropy available)
[    3.552836] random: udevadm: uninitialized urandom read (16 bytes read, 2 bits of entropy available)
[    3.568922] random: systemd-udevd: uninitialized urandom read (16 bytes read, 2 bits of entropy available)
[    3.572326] random: systemd-udevd: uninitialized urandom read (16 bytes read, 2 bits of entropy available)
[    3.574138] random: udevadm: uninitialized urandom read (16 bytes read, 2 bits of entropy available)
[    3.574209] random: udevadm: uninitialized urandom read (16 bytes read, 2 bits of entropy available)
[    3.651365] e1000: Intel(R) PRO/1000 Network Driver - version 7.3.21-k8-NAPI
[    3.653445] e1000: Copyright (c) 1999-2006 Intel Corporation.
[    3.655617] Fusion MPT base driver 3.04.20
[    3.656951] Copyright (c) 1999-2008 LSI Corporation
[    3.697868] AVX2 version of gcm_enc/dec engaged.
[    3.699349] AES CTR mode by8 optimization enabled
[    3.706748] Fusion MPT SPI Host driver 3.04.20
[    3.914808] input: ImExPS/2 Generic Explorer Mouse as /devices/platform/i8042/serio1/input/input4
[    4.205506] e1000 0000:00:03.0 eth0: (PCI:33MHz:32-bit) 02:62:8c:65:d6:7a
[    4.207455] e1000 0000:00:03.0 eth0: Intel(R) PRO/1000 Network Connection
[    4.213079] tsc: Refined TSC clocksource calibration: 1691.509 MHz
[    4.215389] clocksource: tsc: mask: 0xffffffffffffffff max_cycles: 0x1861d1ffc31, max_idle_ns: 440795203026 ns
[    4.940892] e1000 0000:00:08.0 eth1: (PCI:33MHz:32-bit) 08:00:27:13:3d:2a
[    4.942794] e1000 0000:00:08.0 eth1: Intel(R) PRO/1000 Network Connection
[    4.946783] e1000 0000:00:08.0 enp0s8: renamed from eth1
[    4.950690] mptbase: ioc0: Initiating bringup
[    4.957806] e1000 0000:00:03.0 enp0s3: renamed from eth0
[    5.017284] ioc0: LSI53C1030 A0: Capabilities={Initiator}
[    5.182381] scsi host2: ioc0: LSI53C1030 A0, FwRev=00000000h, Ports=1, MaxQ=256, IRQ=20
[    5.305754] scsi 2:0:0:0: Direct-Access     VBOX     HARDDISK         1.0  PQ: 0 ANSI: 5
[    5.322419] scsi target2:0:0: Beginning Domain Validation
[    5.325062] scsi target2:0:0: Domain Validation skipping write tests
[    5.326422] scsi target2:0:0: Ending Domain Validation
[    5.327610] scsi target2:0:0: asynchronous
[    5.329042] scsi 2:0:1:0: Direct-Access     VBOX     HARDDISK         1.0  PQ: 0 ANSI: 5
[    5.330914] scsi target2:0:1: Beginning Domain Validation
[    5.333324] scsi target2:0:1: Domain Validation skipping write tests
[    5.334900] scsi target2:0:1: Ending Domain Validation
[    5.336269] scsi target2:0:1: asynchronous
[    5.344218] sd 2:0:0:0: Attached scsi generic sg0 type 0
[    5.346112] sd 2:0:0:0: [sda] 20971520 512-byte logical blocks: (10.7 GB/10.0 GiB)
[    5.348242] sd 2:0:1:0: [sdb] 20480 512-byte logical blocks: (10.5 MB/10.0 MiB)
[    5.349088] sd 2:0:1:0: Attached scsi generic sg1 type 0
[    5.351985] sd 2:0:0:0: [sda] Write Protect is off
[    5.353339] sd 2:0:1:0: [sdb] Write Protect is off
[    5.354680] sd 2:0:0:0: [sda] Incomplete mode parameter data
[    5.356138] sd 2:0:0:0: [sda] Assuming drive cache: write through
[    5.357842] sd 2:0:1:0: [sdb] Incomplete mode parameter data
[    5.359279] sd 2:0:1:0: [sdb] Assuming drive cache: write through
[    5.372467]  sda: sda1
[    5.374773] sd 2:0:0:0: [sda] Attached SCSI disk
[    5.394886] sd 2:0:1:0: [sdb] Attached SCSI disk
[    6.697467] floppy0: no floppy controllers found
Begin: Loading essential drivers ... [    8.059815] md: linear personality registered for level -1
[    8.064023] md: multipath personality registered for level -4
[    8.069452] md: raid0 personality registered for level 0
[    8.075042] md: raid1 personality registered for level 1
[    8.149030] raid6: sse2x1   gen()  8109 MB/s
[    8.217021] raid6: sse2x1   xor()  6052 MB/s
[    8.285013] raid6: sse2x2   gen() 10145 MB/s
[    8.353035] raid6: sse2x2   xor()  6598 MB/s
[    8.421018] raid6: sse2x4   gen() 10784 MB/s
[    8.489063] raid6: sse2x4   xor()  5299 MB/s
[    8.557089] raid6: avx2x1   gen()  8071 MB/s
[    8.625055] raid6: avx2x2   gen()  9841 MB/s
[    8.693044] raid6: avx2x4   gen() 15789 MB/s
[    8.694405] raid6: using algorithm avx2x4 gen() 15789 MB/s
[    8.696009] raid6: using avx2x2 recovery algorithm
[    8.699353] xor: automatically using best checksumming function:
[    8.774593]    avx       : 38794.000 MB/sec
[    8.777740] async_tx: api initialized (async)
[    8.786832] md: raid6 personality registered for level 6
[    8.788272] md: raid5 personality registered for level 5
[    8.791012] md: raid4 personality registered for level 4
[    8.799203] md: raid10 personality registered for level 10
done.
Begin: Running /scripts/init-premount ... done.
Begin: Mounting root file system ... Begin: Running /scripts/local-top ... done.
Begin: Running /scripts/local-premount ... [    8.836181] Btrfs loaded
Scanning for Btrfs filesystems
done.
Warning: fsck not present, so skipping root file system
[    8.976132] EXT4-fs (sda1): mounted filesystem with ordered data mode. Opts: (null)
done.
Begin: Running /scripts/local-bottom ... done.
Begin: Running /scripts/init-bottom ... done.
[    9.623551] systemd[1]: systemd 229 running in system mode. (+PAM +AUDIT +SELINUX +IMA +APPARMOR +SMACK +SYSVINIT +UTMP +LIBCRYPTSETUP +GCRYPT +GNUTLS +ACL +XZ -LZ4 +SECCOMP +BLKID +ELFUTILS +KMOD -IDN)
[    9.630942] systemd[1]: Detected virtualization oracle.
[    9.632106] systemd[1]: Detected architecture x86-64.

Welcome to [1mUbuntu 16.04.4 LTS[0m!

[    9.712361] systemd[1]: Set hostname to <ubuntu>.
[    9.732391] systemd[1]: Initializing machine ID from random generator.
[    9.734672] systemd[1]: Installed transient /etc/machine-id file.
[    9.868963] random: nonblocking pool is initialized
[   10.758798] systemd[1]: Set up automount Arbitrary Executable File Formats File System Automount Point.
[[0;32m  OK  [0m] Set up automount Arbitrary Executab...ats File System Automount Point.
[   10.765765] systemd[1]: Listening on Syslog Socket.
[[0;32m  OK  [0m] Listening on Syslog Socket.
[   10.768487] systemd[1]: Listening on udev Control Socket.
[[0;32m  OK  [0m] Listening on udev Control Socket.
[   10.771876] systemd[1]: Created slice System Slice.
[[0;32m  OK  [0m] Created slice System Slice.
[   10.781811] systemd[1]: Created slice system-serial\x2dgetty.slice.
[[0;32m  OK  [0m] Created slice system-serial\x2dgetty.slice.
[   10.784707] systemd[1]: Reached target Encrypted Volumes.
[[0;32m  OK  [0m] Reached target Encrypted Volumes.
[   10.786973] systemd[1]: Listening on Journal Audit Socket.
[[0;32m  OK  [0m] Listening on Journal Audit Socket.
[   10.789173] systemd[1]: Started Trigger resolvconf update for networkd DNS.
[[0;32m  OK  [0m] Started Trigger resolvconf update for networkd DNS.
[   10.791877] systemd[1]: Listening on Device-mapper event daemon FIFOs.
[[0;32m  OK  [0m] Listening on Device-mapper event daemon FIFOs.
[   10.794434] systemd[1]: Listening on Journal Socket.
[[0;32m  OK  [0m] Listening on Journal Socket.
[   10.796559] systemd[1]: Reached target User and Group Name Lookups.
[[0;32m  OK  [0m] Reached target User and Group Name Lookups.
[   10.821331] systemd[1]: Starting Load Kernel Modules...
         Starting Load Kernel Modules...
[   10.831552] systemd[1]: Listening on Journal Socket (/dev/log).
[[0;32m  OK  [0m] Listening on Journal Socket (/dev/log).
[   10.835833] systemd[1]: Starting Journal Service...
         Starting Journal Service...
[   10.846364] systemd[1]: Mounting Huge Pages File System...
         Mounting Huge Pages File System...
[   10.853960] systemd[1]: Listening on LVM2 metadata daemon socket.
[[0;32m  OK  [0m] Listening on LVM2 metadata daemon socket.
[   10.860643] systemd[1]: Starting Monitoring of LVM2 mirrors, snapshots etc. using dmeventd or progress polling...
         Starting Monitoring of LVM2 mirrors... dmeventd or progress polling...
[   10.865533] systemd[1]: Listening on /dev/initctl Compatibility Named Pipe.
[[0;32m  OK  [0m] Listening on /dev/initctl Compatibility Named Pipe.
[   10.870796] systemd[1]: Starting Create list of required static device nodes for the current kernel...
         Starting Create list of required st... nodes for the current kernel...
[   10.876167] systemd[1]: Reached target Swap.
[[0;32m  OK  [0m] Reached target Swap.
[   10.886529] systemd[1]: Mounting Debug File System...
         Mounting Debug File System...
[   10.957332] systemd[1]: Mounting POSIX Message Queue File System...
         Mounting POSIX Message Queue File System...
[   10.961441] systemd[1]: Starting Nameserver information manager...
         Starting Nameserver information manager...
[   10.966766] systemd[1]: Created slice User and Session Slice.
[[0;32m  OK  [0m] Created slice User and Session Slice.
[   10.969608] systemd[1]: Reached target Slices.
[[0;32m  OK  [0m] Reached target Slices.
[   10.972461] systemd[1]: Starting Set console keymap...
         Starting Set console keymap...
[   10.976852] systemd[1]: Starting Uncomplicated firewall...
         Starting Uncomplicated firewall...
[   10.980108] systemd[1]: Starting Remount Root and Kernel File Systems...
         Starting Remount Root and Kernel File Systems...
[   10.983192] systemd[1]: Started Forward Password Requests to Wall Directory Watch.
[[0;32m  OK  [0m] Started Forward Password Requests to Wall Directory Watch.
[   10.989351] systemd[1]: Reached target System Time Synchronized.
[   10.992359] Loading iSCSI transport class v2.0-870.
[[0;32m  OK  [0m] Reached target System Time Synchronized.
[   10.994931] systemd[1]: Listening on LVM2 poll daemon socket.
[[0;32m  OK  [0m] Listening on LVM2 poll daemon socket.
[   10.998249] systemd[1]: Listening on udev Kernel Socket.
[[0;32m  OK  [0m] Listening on udev Kernel Socket.
[   11.021104] systemd[1]: Mounted POSIX Message Queue File System.
[[0;32m  OK  [0m] Mounted POSIX Message Queue File System.
[   11.027492] systemd[1]: Mounted Huge Pages File System.
[[0;32m  OK  [0m] Mounted Huge Pages File System.
[   11.032826] systemd[1]: Mounted Debug File System.
[[0;32m  OK  [0m] Mounted Debug File System.
[   11.036640] systemd[1]: Started Create list of required static device nodes for the current kernel.
[[0;32m  OK  [0m] Started Create list of required sta...ce nodes for the current kernel.
[   11.066603] EXT4-fs (sda1): re-mounted. Opts: (null)
[   11.070898] systemd[1]: Started Remount Root and Kernel File Systems.
[[0;32m  OK  [0m] Started Remount Root and Kernel File Systems.
[   11.101509] systemd[1]: Starting Initial cloud-init job (pre-networking)...
         Starting Initial cloud-init job (pre-networking)...
[   11.157480] systemd[1]: Starting udev Coldplug all Devices...
         Starting udev Coldplug all Devices...
[   11.165257] systemd[1]: Starting Load/Save Random Seed...
         Starting Load/Save Random Seed...
[   11.169330] systemd[1]: Starting Create Static Device Nodes in /dev...
         Starting Create Static Device Nodes in /dev...
[   11.174340] systemd[1]: Started Uncomplicated firewall.
[[0;32m  OK  [0m] Started Uncomplicated firewall.
[   11.177963] iscsi: registered transport (tcp)
[   11.178702] systemd[1]: Started Nameserver information manager.
[[0;32m  OK  [0m] Started Nameserver information manager.
[   11.317685] systemd[1]: Started udev Coldplug all Devices.
[[0;32m  OK  [0m] Started udev Coldplug all Devices.
[   11.478401] systemd[1]: Started Set console keymap.
[[0;32m  OK  [0m] Started Set console keymap.
[   11.488451] systemd[1]: Started Journal Service.
[[0;32m  OK  [0m] Started Journal Service.
         Starting Flush Journal to Persistent Storage...
[[0;32m  OK  [0m] Started LVM2 metadata daemon.
[[0;32m  OK  [0m] Started Load/Save Random Seed.
[   11.639944] iscsi: registered transport (iser)
[[0;32m  OK  [0m] Started Load Kernel Modules.
         Starting Apply Kernel Variables...
         Mounting FUSE Control File System...
[[0;32m  OK  [0m] Mounted FUSE Control File System.
[   11.758141] systemd-journald[381]: Received request to flush runtime journal from PID 1
[[0;32m  OK  [0m] Started Flush Journal to Persistent Storage.
[[0;32m  OK  [0m] Started Monitoring of LVM2 mirrors,...ng dmeventd or progress polling.
[[0;32m  OK  [0m] Started Apply Kernel Variables.
[[0;32m  OK  [0m] Started Create Static Device Nodes in /dev.
         Starting udev Kernel Device Manager...
[[0;32m  OK  [0m] Started udev Kernel Device Manager.
[[0;32m  OK  [0m] Started Dispatch Password Requests to Console Directory Watch.
[[0;32m  OK  [0m] Reached target Local File Systems (Pre).
[[0;32m  OK  [0m] Reached target Local File Systems.
         Starting LSB: AppArmor initialization...
         Starting Set console font and keymap...
         Starting Create Volatile Files and Directories...
         Starting Commit a transient machine-id on disk...
         Starting Tell Plymouth To Write Out Runtime Data...
[[0;32m  OK  [0m] Started Create Volatile Files and Directories.
         Starting Update UTMP about System Boot/Shutdown...
[[0;32m  OK  [0m] Started Commit a transient machine-id on disk.
[[0;32m  OK  [0m] Started Tell Plymouth To Write Out Runtime Data.
[[0;32m  OK  [0m] Started Update UTMP about System Boot/Shutdown.
[[0;32m  OK  [0m] Found device /dev/ttyS0.
[[0;32m  OK  [0m] Started Set console font and keymap.
[[0;32m  OK  [0m] Created slice system-getty.slice.
[[0;32m  OK  [0m] Listening on Load/Save RF Kill Switch Status /dev/rfkill Watch.
[[0;32m  OK  [0m] Started LSB: AppArmor initialization.
[   17.265874] cloud-init[416]: Cloud-init v. 18.2 running 'init-local' at Wed, 15 Jan 2020 08:26:16 +0000. Up 16.75 seconds.
[[0;32m  OK  [0m] Started Initial cloud-init job (pre-networking).
[[0;32m  OK  [0m] Reached target Network (Pre).
         Starting Raise network interfaces...
[[0;32m  OK  [0m] Started Raise network interfaces.
[[0;32m  OK  [0m] Reached target Network.
         Starting Initial cloud-init job (metadata service crawler)...
[   19.883723] cloud-init[958]: Cloud-init v. 18.2 running 'init' at Wed, 15 Jan 2020 08:26:17 +0000. Up 18.12 seconds.
[   19.886229] cloud-init[958]: ci-info: ++++++++++++++++++++++++++++++++++++++Net device info++++++++++++++++++++++++++++++++++++++
[   19.888876] cloud-init[958]: ci-info: +--------+-------+----------------------------+---------------+-------+-------------------+
[   19.891083] cloud-init[958]: ci-info: | Device |   Up  |          Address           |      Mask     | Scope |     Hw-Address    |
[   19.893694] cloud-init[958]: ci-info: +--------+-------+----------------------------+---------------+-------+-------------------+
[   19.896229] cloud-init[958]: ci-info: | enp0s3 |  True |         10.0.2.15          | 255.255.255.0 |   .   | 02:62:8c:65:d6:7a |
[   19.898931] cloud-init[958]: ci-info: | enp0s3 |  True | fe80::62:8cff:fe65:d67a/64 |       .       |  link | 02:62:8c:65:d6:7a |
[   19.901431] cloud-init[958]: ci-info: | enp0s8 | False |             .              |       .       |   .   | 08:00:27:13:3d:2a |
[   19.903888] cloud-init[958]: ci-info: |   lo   |  True |         127.0.0.1          |   255.0.0.0   |   .   |         .         |
[   19.906725] cloud-init[958]: ci-info: |   lo   |  True |          ::1/128           |       .       |  host |         .         |
[   19.909149] cloud-init[958]: ci-info: +--------+-------+----------------------------+---------------+-------+-------------------+
[   19.911755] cloud-init[958]: ci-info: +++++++++++++++++++++++++++Route IPv4 info++++++++++++++++++++++++++++
[   19.914117] cloud-init[958]: ci-info: +-------+-------------+----------+---------------+-----------+-------+
[   19.919333] cloud-init[958]: ci-info: | Route | Destination | Gateway  |    Genmask    | Interface | Flags |
[   19.921482] cloud-init[958]: ci-info: +-------+-------------+----------+---------------+-----------+-------+
[   19.923908] cloud-init[958]: ci-info: |   0   |   0.0.0.0   | 10.0.2.2 |    0.0.0.0    |   enp0s3  |   UG  |
[   19.926080] cloud-init[958]: ci-info: |   1   |   10.0.2.0  | 0.0.0.0  | 255.255.255.0 |   enp0s3  |   U   |
[   19.928141] cloud-init[958]: ci-info: +-------+-------------+----------+---------------+-----------+-------+
[   19.930446] cloud-init[958]: Generating public/private rsa key pair.
[   19.932093] cloud-init[958]: Your identification has been saved in /etc/ssh/ssh_host_rsa_key.
[   19.934844] cloud-init[958]: Your public key has been saved in /etc/ssh/ssh_host_rsa_key.pub.
[   19.936944] cloud-init[958]: The key fingerprint is:
[   19.938841] cloud-init[958]: SHA256:eSq2Y9IUCB1HhxAVt+fuQCX8pAE/BZzSiHsLtz8DZBc root@ubuntu-xenial
[   19.940892] cloud-init[958]: The key's randomart image is:
[   19.942415] cloud-init[958]: +---[RSA 2048]----+
[   19.943774] cloud-init[958]: |   .+B**+o.      |
[   19.945152] cloud-init[958]: |  . o.+*Eo       |
[   19.946532] cloud-init[958]: |   . o .B.+      |
[   19.947893] cloud-init[958]: |    + * .%       |
[   19.949264] cloud-init[958]: |     * =S +      |
[   19.950591] cloud-init[958]: |      =. +       |
[   19.951898] cloud-init[958]: |     oooo .      |
[   19.953251] cloud-init[958]: |    ..+o+o       |
[   19.954587] cloud-init[958]: |     o.. o.      |
[   19.956364] [[0;32m  OK  [0m] Started Initial cloud-init job (metadata service crawler).
[[0;32m  OK  [0m] Reached target Network is Online.
cloud-init[958]: +----[SHA256]-----+
[   19.961187] cloud-init[958]: Generating public/private dsa key pair.
[   19.962660] cloud-init[958]: Your identification has been saved in /etc/ssh/ssh_host_dsa_key.
[   19.964525] cloud-init[958]: Your public key has been saved in /etc/ssh/ssh_host_dsa_key.pub.
[   19.966347] cloud-init[958]: The key fingerprint is:
[   19.972441] cloud-init[958]: SHA256:V01QvbttFpzaTkFOu2d0P86z7BKSB5D0u5UJf5gY0WE root@ubuntu-xenial
[   19.972656] cloud-init[958]: The key's randomart image is:
[   19.973182] cloud-init[958]: +---[DSA 1024]----+
[   19.973824] cloud-init[958]: |        ....oE+. |
[   19.974489] cloud-init[958]: |         o. o+  .|
[   19.975128] cloud-init[958]: |          .+. .o.|
[   19.975785] cloud-init[958]: |           o* O..|
[   19.976897] cloud-init[958]: |        S .ooB.==|
[   19.977246] cloud-init[958]: |         . ooo.*=|
[   19.977928] cloud-init[958]: |           .o ++B|
[   19.978554] cloud-init[958]: |             o==*|
[   19.981143] cloud-init[958]: |              +Xo|
[   19.981716] cloud-init[958]: +----[SHA256]-----+
[   19.982374] cloud-init[958]: Generating public/private ecdsa key pair.
[   19.983052] cloud-init[958]: Your identification has been saved in /etc/ssh/ssh_host_ecdsa_key.
[   19.983709] cloud-init[958]: Your public key has been saved in /etc/ssh/ssh_host_ecdsa_key.pub.
[   19.984851] cloud-init[958]: The key fingerprint is:
[   19.985715] cloud-init[958]: SHA256:gsdFOQrlVYKz62/sOFZp0l5E7Wt5ZzCGOmQ3flAFO1M root@ubuntu-xenial
[   19.986375] cloud-init[958]: The key's randomart image is:
[   19.986492] cloud-init[958]: +---[ECDSA 256]---+
[   19.986598] cloud-init[958]: |     ...+o..  .oE|
[   19.987188] cloud-init[958]: |    ..ooo.. . .o |
[   19.987845] cloud-init[958]: |     ..+.o . o+  |
[   19.989397] cloud-init[958]: |     oo.  + * +o |
[   19.990003] cloud-init[958]: |    . +oS= + * o |
[   19.990652] cloud-init[958]: |     .o.= + = o o|
[   19.991313] cloud-init[958]: |     . * . o o o |
[   19.991955] cloud-init[958]: |      +.+        |
[   19.992628] cloud-init[958]: |     ..=o        |
[   19.993261] cloud-init[958]: +----[SHA256]-----+
[   19.993917] cloud-init[958]: Generating public/private ed25519 key pair.
[   19.994566] cloud-init[958]: Your identification has been saved in /etc/ssh/ssh_host_ed25519_key.
[   19.995222] cloud-init[958]: Your public key has been saved in /etc/ssh/ssh_host_ed25519_key.pub.
[   19.995887] cloud-init[958]: The key fingerprint is:
[   19.996543] cloud-init[958]: SHA256:ud0lTaxzy0KJ2cdttK3y32rxyogMHKPbSYUyfFyHTMU root@ubuntu-xenial
[   19.997185] cloud-init[958]: The key's randomart image is:
         Starting iSCSI initiator daemon (iscsid)...
[[   19.997436] cloud-init[958]: +--[ED25519 256]--+
[   20.007410] cloud-init[958]: |          .o.    |
[0;32m  OK  [0m] Reached target System Initialization.
[   20.007877] cloud-init[958]: |         o .E.   |
[   20.010823] cloud-init[958]: |          + . o .|
[   20.010979] cloud-init[958]: |     . . + = * oo|
[   20.011601] cloud-init[958]: |      + S + B *.+|
[   20.012481] cloud-init[958]: |       * * o B.+ |
[   20.013365] cloud-init[958]: |      . = . + +o |
[   20.014016] cloud-init[958]: |       + + . *. o|
[   20.014356] cloud-init[958]: |      . o o ..=+o|
[   20.014436] cloud-init[958]: +----[SHA256]-----+
[[0;32m  OK  [0m] Started Daily apt download activities.
[[0;32m  OK  [0m] Listening on UUID daemon activation socket.
[[0;32m  OK  [0m] Listening on D-Bus System Message Bus Socket.
         Starting LXD - unix socket.
         Starting Socket activation for snappy daemon.
[[0;32m  OK  [0m] Started Daily apt upgrade and clean activities.
[[0;32m  OK  [0m] Started Daily Cleanup of Temporary Directories.
[[0;32m  OK  [0m] Listening on ACPID Listen Socket.
[[0;32m  OK  [0m] Started ACPI Events Check.
[[0;32m  OK  [0m] Reached target Paths.
[[0;32m  OK  [0m] Started Timer to automatically refresh installed snaps.
[[0;32m  OK  [0m] Reached target Timers.
[[0;32m  OK  [0m] Reached target Cloud-config availability.
[[0;32m  OK  [0m] Listening on LXD - unix socket.
[[0;32m  OK  [0m] Listening on Socket activation for snappy daemon.
[[0;32m  OK  [0m] Reached target Sockets.
[[0;32m  OK  [0m] Reached target Basic System.
[[0;32m  OK  [0m] Started Deferred execution scheduler.
         Starting Virtualbox guest utils...
[[0;32m  OK  [0m] Started FUSE filesystem for LXC.
         Starting LSB: MD monitoring daemon...
[[0;32m  OK  [0m] Started ACPI event daemon.
         Starting LSB: Record successful boot for GRUB...
[[0;32m  OK  [0m] Started D-Bus System Message Bus.
         Starting Pollinate to seed the pseudo random number generator...
         Starting System Logging Service...
         Starting Apply the settings specified in cloud-config...
         Starting Login Service...
         Starting Snappy daemon...
         Starting /etc/rc.local Compatibility...
         Starting Accounts Service...
[[0;32m  OK  [0m] Started Regular background program processing daemon.
[[0;32m  OK  [0m] Started Unattended Upgrades Shutdown.
         Starting LXD - container startup/shutdown...
[[0;32m  OK  [0m] Started iSCSI initiator daemon (iscsid).
[[0;32m  OK  [0m] Started /etc/rc.local Compatibility.
         Starting Login to default iSCSI targets...
[[0;32m  OK  [0m] Started Login Service.
[[0;32m  OK  [0m] Started Login to default iSCSI targets.
[[0;32m  OK  [0m] Reached target Remote File Systems (Pre).
[[0;32m  OK  [0m] Reached target Remote File Systems.
         Starting LSB: daemon to balance interrupts for SMP systems...
         Starting LSB: automatic crash report generation...
         Starting Permit User Sessions...
         Starting LSB: Set the CPU Frequency Scaling governor to "ondemand"...
[[0;32m  OK  [0m] Started System Logging Service.
[[0;32m  OK  [0m] Started LSB: Set the CPU Frequency Scaling governor to "ondemand".
[[0;32m  OK  [0m] Started LSB: automatic crash report generation.
[[0;32m  OK  [0m] Started Permit User Sessions.
         Starting Terminate Plymouth Boot Screen...
         Starting Hold until boot process finishes up...
[[0;32m  OK  [0m] Started Hold until boot process finishes up.
[[0;32m  OK  [0m] Started Terminate Plymouth Boot Screen.
[[0;32m  OK  [0m] Started Serial Getty on ttyS0.
[[0;32m  OK  [0m] Started Getty on tty1.
[[0;32m  OK  [0m] Reached target Login Prompts.
         Starting Set console scheme...
[[0;32m  OK  [0m] Started LSB: daemon to balance interrupts for SMP systems.
[[0;32m  OK  [0m] Started LSB: MD monitoring daemon.
[[0;32m  OK  [0m] Started Set console scheme.
[[0;32m  OK  [0m] Started LSB: Record successful boot for GRUB.
[   22.791264] cloud-init[1089]: Generating locales (this might take a while)...
[[0;32m  OK  [0m] Started Virtualbox guest utils.
         Starting Authenticate and Authorize Users to Run Privileged Tasks...
[[0;32m  OK  [0m] Started Authenticate and Authorize Users to Run Privileged Tasks.
[[0;32m  OK  [0m] Started Accounts Service.
[[0;32m  OK  [0m] Started Snappy daemon.
[   25.475480] cloud-init[1089]:   en_US.UTF-8... done
[   25.479538] cloud-init[1089]: Generation complete.
[[0;32m  OK  [0m] Started LXD - container startup/shutdown.
[[0;32m  OK  [0m] Started Pollinate to seed the pseudo random number generator.
         Starting OpenBSD Secure Shell server...
[[0;32m  OK  [0m] Started OpenBSD Secure Shell server.
[[0;32m  OK  [0m] Reached target Multi-User System.
[[0;32m  OK  [0m] Reached target Graphical Interface.
         Starting Update UTMP about System Runlevel Changes...
[[0;32m  OK  [0m] Started Update UTMP about System Runlevel Changes.
[   27.484797] cloud-init[1089]: Cloud-init v. 18.2 running 'modules:config' at Wed, 15 Jan 2020 08:26:20 +0000. Up 21.08 seconds.

Ubuntu 16.04.4 LTS ubuntu-xenial ttyS0

ubuntu-xenial login: ci-info: no authorized ssh keys fingerprints found for user ubuntu.
<14>Jan 15 08:26:27 ec2: 
<14>Jan 15 08:26:27 ec2: #############################################################
<14>Jan 15 08:26:27 ec2: -----BEGIN SSH HOST KEY FINGERPRINTS-----
<14>Jan 15 08:26:27 ec2: 1024 SHA256:V01QvbttFpzaTkFOu2d0P86z7BKSB5D0u5UJf5gY0WE root@ubuntu-xenial (DSA)
<14>Jan 15 08:26:27 ec2: 256 SHA256:gsdFOQrlVYKz62/sOFZp0l5E7Wt5ZzCGOmQ3flAFO1M root@ubuntu-xenial (ECDSA)
<14>Jan 15 08:26:27 ec2: 256 SHA256:ud0lTaxzy0KJ2cdttK3y32rxyogMHKPbSYUyfFyHTMU root@ubuntu-xenial (ED25519)
<14>Jan 15 08:26:27 ec2: 2048 SHA256:eSq2Y9IUCB1HhxAVt+fuQCX8pAE/BZzSiHsLtz8DZBc root@ubuntu-xenial (RSA)
<14>Jan 15 08:26:27 ec2: -----END SSH HOST KEY FINGERPRINTS-----
<14>Jan 15 08:26:27 ec2: #############################################################
-----BEGIN SSH HOST KEY KEYS-----
ecdsa-sha2-nistp256 AAAAE2VjZHNhLXNoYTItbmlzdHAyNTYAAAAIbmlzdHAyNTYAAABBBPyaOjISy96PiNGI7cAX2RJ0GDd5tEFou0p1LTe4RpMKmYt/FzybnYL/tYDZK2OJgzlz156TZ2KqB3rkEaCqNas= root@ubuntu-xenial
ssh-ed25519 AAAAC3NzaC1lZDI1NTE5AAAAIN+QRiBPMeswJC6umujgWMN/Xy3PhKojdq+OV2kxVjZb root@ubuntu-xenial
ssh-rsa AAAAB3NzaC1yc2EAAAADAQABAAABAQDEyx+G0quvWhqYlbcfekaoeqe+UiSjspPFvSKWaALqvjnKTAAXGD+y1TQgOu5xoPJbcqb6hDLxSBdC4FyVjIrHR9ciAS0gnP8+c9bmqR8ZH8Gra6nq06g8ZmKK3mIN8f4BNzPPt2m1487EdgZjl2h0kV6c6+DD7cAF9MDgelKAsbWBqz7le+B+Nc2XQSph7P+o+0UZPAEBUcaFFy/hb+EBVMYyrJJpaWUEmcMS3mWpMC7IlLw7AOEUql67v9rsn2l4T5m31PsQaqGZKLM9VkQp/LIQPkE7yh87IWQoQyhD0V+ca+tBPRAgRNpJg5JteM0/sir7hqkHRWlUNE5SM0lz root@ubuntu-xenial
-----END SSH HOST KEY KEYS-----
[   28.439398] cloud-init[1350]: Cloud-init v. 18.2 running 'modules:final' at Wed, 15 Jan 2020 08:26:27 +0000. Up 27.84 seconds.
[   28.441133] cloud-init[1350]: ci-info: no authorized ssh keys fingerprints found for user ubuntu.
[   28.442221] cloud-init[1350]: Cloud-init v. 18.2 finished at Wed, 15 Jan 2020 08:26:27 +0000. Datasource DataSourceNoCloud [seed=/dev/sdb][dsmode=net].  Up 28.42 seconds
